<?xml version="1.0" encoding="UTF-8"?>
<!-- Generated by org.testng.reporters.JUnitReportReporter -->
<testsuite hostname="DESKTOP-O3KMR4H" failures="0" tests="1" name="com.target.qa.test.auto.HomeClass" time="35.944" errors="0" timestamp="2022-08-01T21:20:39 EDT" skipped="0">
  <testcase classname="com.target.qa.test.auto.HomeClass" name="getUrl" time="35.944"/>
  <system-out/>
</testsuite> <!-- com.target.qa.test.auto.HomeClass -->
