<?xml version="1.0" encoding="UTF-8"?>
<!-- Generated by org.testng.reporters.JUnitReportReporter -->
<testsuite hostname="DESKTOP-O3KMR4H" failures="0" tests="1" name="com.target.qa.test.auto.HomeClass" time="17.878" errors="0" timestamp="2022-08-04T01:04:58 EDT" skipped="0">
  <testcase classname="com.target.qa.test.auto.HomeClass" name="getUrl" time="17.878"/>
  <system-out/>
</testsuite> <!-- com.target.qa.test.auto.HomeClass -->
