<?xml version="1.0" encoding="UTF-8"?>
<!-- Generated by org.testng.reporters.JUnitReportReporter -->
<testsuite hostname="DESKTOP-O3KMR4H" failures="0" tests="1" name="com.target.qa.test.categories.CategoriesTestClass" time="21.961" errors="0" timestamp="2022-08-15T19:58:55 EDT" skipped="0">
  <testcase classname="com.target.qa.test.categories.CategoriesTestClass" name="getCategories" time="21.961"/>
  <system-out>
[[ChromeDriver: chrome on WINDOWS (7f4bfa3cc9d21a6148a28db58c648659)] -> xpath: //a[text()='Categories']] This element has been clicked<br> [[ChromeDriver: chrome on WINDOWS (7f4bfa3cc9d21a6148a28db58c648659)] -> xpath: //span[text()='College']] This element has been clicked<br>  </system-out>
</testsuite> <!-- com.target.qa.test.categories.CategoriesTestClass -->
