<?xml version="1.0" encoding="UTF-8"?>
<!-- Generated by org.testng.reporters.JUnitReportReporter -->
<testsuite hostname="DESKTOP-O3KMR4H" failures="0" tests="1" name="com.target.qa.test.signIn.SignInTestClass" time="52.885" errors="0" timestamp="2022-08-12T20:04:12 EDT" skipped="0">
  <testcase classname="com.target.qa.test.signIn.SignInTestClass" name="signIn" time="52.885"/>
  <system-out>
[[ChromeDriver: chrome on WINDOWS (9ccc0077f5a12d400074fe59d7d7b39f)] -> xpath: //span[text()='Sign in']] This element has been clicked<br> Proxy element for: DefaultElementLocator 'By.xpath: //span[starts-with(@class, 'styles__ListItemText-sc-5oc0g9-1') and text()='Sign in']' This element has been clicked<br> [[ChromeDriver: chrome on WINDOWS (9ccc0077f5a12d400074fe59d7d7b39f)] -> xpath: //span[text()='Sign into your Target account']] :has value---->Sign into your Target account<br> [[ChromeDriver: chrome on WINDOWS (9ccc0077f5a12d400074fe59d7d7b39f)] -> xpath: //span[text()='Sign into your Target account']] :has value---->Sign into your Target account<br> Current Url is: https://www.target.com/login?client_id=ecom-web-1.0.0&ui_namespace=ui-default&back_button_action=browser&keep_me_signed_in=true&kmsi_default=false&actions=create_session_signin<br> Current Url is: https://www.target.com/login?client_id=ecom-web-1.0.0&ui_namespace=ui-default&back_button_action=browser&keep_me_signed_in=true&kmsi_default=false&actions=create_session_signin<br> abcd@gmail.com : This value has been passed through this [[ChromeDriver: chrome on WINDOWS (9ccc0077f5a12d400074fe59d7d7b39f)] -> xpath: //input[@name='username']]<br> 987453#$! : This value has been passed through this [[ChromeDriver: chrome on WINDOWS (9ccc0077f5a12d400074fe59d7d7b39f)] -> css selector: input#password]<br> [[ChromeDriver: chrome on WINDOWS (9ccc0077f5a12d400074fe59d7d7b39f)] -> xpath: //span[text()='Sign in']] This element has been clicked<br>  </system-out>
</testsuite> <!-- com.target.qa.test.signIn.SignInTestClass -->
